<?xml version="1.0" encoding="UTF-8"?>
<!-- Generated by org.testng.reporters.JUnitReportReporter -->
<testsuite hostname="WorkBeast" failures="0" tests="1" name="practice_Test.Shopperstack_Task" time="14.744" errors="0" timestamp="2024-08-27T16:13:38 IST" skipped="0">
  <testcase classname="practice_Test.Shopperstack_Task" name="Task" time="14.744"/>
</testsuite> <!-- practice_Test.Shopperstack_Task -->
