<?xml version="1.0" encoding="UTF-8"?>
<!-- Generated by org.testng.reporters.JUnitReportReporter -->
<testsuite hostname="WorkBeast" failures="0" tests="3" name="Practice_DataProvider.GetProductInfoUsingDataProvider_Test" time="101.957" errors="0" timestamp="2024-08-20T14:53:46 IST" skipped="0">
  <testcase classname="Practice_DataProvider.GetProductInfoUsingDataProvider_Test" name="getProductInfo_Test" time="33.667"/>
  <testcase classname="Practice_DataProvider.GetProductInfoUsingDataProvider_Test" name="getProductInfo_Test" time="33.757"/>
  <testcase classname="Practice_DataProvider.GetProductInfoUsingDataProvider_Test" name="getProductInfo_Test" time="34.533"/>
</testsuite> <!-- Practice_DataProvider.GetProductInfoUsingDataProvider_Test -->
