<?xml version="1.0" encoding="UTF-8"?>
<!-- Generated by org.testng.reporters.JUnitReportReporter -->
<testsuite hostname="WorkBeast" failures="0" tests="3" name="Practice_DataProvider.GetProdInfoFromExcelUsingDataProvider_Test" time="100.910" errors="0" timestamp="2024-08-20T15:16:13 IST" skipped="0">
  <testcase classname="Practice_DataProvider.GetProdInfoFromExcelUsingDataProvider_Test" name="getProductInfo_Test" time="33.585"/>
  <testcase classname="Practice_DataProvider.GetProdInfoFromExcelUsingDataProvider_Test" name="getProductInfo_Test" time="34.010"/>
  <testcase classname="Practice_DataProvider.GetProdInfoFromExcelUsingDataProvider_Test" name="getProductInfo_Test" time="33.315"/>
</testsuite> <!-- Practice_DataProvider.GetProdInfoFromExcelUsingDataProvider_Test -->
