<?xml version="1.0" encoding="UTF-8"?>
<!-- Generated by org.testng.reporters.JUnitReportReporter -->
<testsuite hostname="WorkBeast" failures="0" tests="3" name="comComcastContactTest.CreateContact_Test" time="98.549" errors="0" timestamp="2024-09-03T15:39:03 IST" skipped="0">
  <testcase classname="comComcastContactTest.CreateContact_Test" name="createContactWithOrg" time="56.803"/>
  <testcase classname="comComcastContactTest.CreateContact_Test" name="createContactWithSupportDate_Test" time="20.786"/>
  <testcase classname="comComcastContactTest.CreateContact_Test" name="createContact_Test" time="20.960"/>
</testsuite> <!-- comComcastContactTest.CreateContact_Test -->
