<?xml version="1.0" encoding="UTF-8"?>
<!-- Generated by org.testng.reporters.JUnitReportReporter -->
<testsuite hostname="WorkBeast" failures="0" tests="1" name="practice_Test.Shopperstack_task2" time="23.205" errors="0" timestamp="2024-08-27T16:14:26 IST" skipped="0">
  <testcase classname="practice_Test.Shopperstack_task2" name="Task" time="23.205"/>
</testsuite> <!-- practice_Test.Shopperstack_task2 -->
