<?xml version="1.0" encoding="UTF-8"?>
<!-- Generated by org.testng.reporters.JUnitReportReporter -->
<testsuite hostname="WorkBeast" failures="0" tests="1" name="practice_Test.SampleReportPrgram" time="3.273" errors="0" timestamp="2024-08-28T12:45:52 IST" skipped="0">
  <testcase classname="practice_Test.SampleReportPrgram" name="createContactTest" time="3.273"/>
</testsuite> <!-- practice_Test.SampleReportPrgram -->
