<?xml version="1.0" encoding="UTF-8"?>
<!-- Generated by org.testng.reporters.JUnitReportReporter -->
<testsuite hostname="WorkBeast" failures="0" tests="1" name="practice_Test.Practice" time="4.993" errors="0" timestamp="2024-08-26T16:11:44 IST" skipped="0">
  <testcase classname="practice_Test.Practice" name="practice" time="4.993"/>
</testsuite> <!-- practice_Test.Practice -->
