<?xml version="1.0" encoding="UTF-8"?>
<!-- Generated by org.testng.reporters.JUnitReportReporter -->
<testsuite hostname="WorkBeast" failures="0" tests="1" name="comComcastOrganizationTest.CreateOrganisation_Test" time="14.969" errors="0" timestamp="2024-09-03T17:48:01 IST" skipped="0">
  <testcase classname="comComcastOrganizationTest.CreateOrganisation_Test" name="createOrganisation_Test" time="14.969"/>
</testsuite> <!-- comComcastOrganizationTest.CreateOrganisation_Test -->
