<?xml version="1.0" encoding="UTF-8"?>
<!-- Generated by org.testng.reporters.JUnitReportReporter -->
<testsuite hostname="WorkBeast" failures="0" tests="1" name="comComcastContactTest.CreateContact_Test" time="15.577" errors="0" timestamp="2024-09-03T17:48:01 IST" skipped="0">
  <testcase classname="comComcastContactTest.CreateContact_Test" name="createContact_Test" time="15.577"/>
</testsuite> <!-- comComcastContactTest.CreateContact_Test -->
